<?xml version="1.0" encoding="UTF-8"?>
<testng-results skipped="0" failed="1" total="6" passed="5">
  <reporter-output>
    <line>
      <![CDATA[PASS]]>
    </line>
    <line>
      <![CDATA[PASS]]>
    </line>
  </reporter-output>
  <suite name="Command line suite" duration-ms="72" started-at="2016-04-12T20:43:08Z" finished-at="2016-04-12T20:43:08Z">
    <groups>
    </groups>
    <test name="Command line test" duration-ms="72" started-at="2016-04-12T20:43:08Z" finished-at="2016-04-12T20:43:08Z">
      <class name="com.muks.testng.TestRegressions">
        <test-method status="PASS" signature="oneTimeSetUp()[pri:0, instance:com.muks.testng.TestRegressions@3ac3fd8b]" name="oneTimeSetUp" is-config="true" duration-ms="6" started-at="2016-04-13T02:13:08Z" finished-at="2016-04-13T02:13:08Z">
          <reporter-output>
          </reporter-output>
        </test-method> <!-- oneTimeSetUp -->
        <test-method status="PASS" signature="testSampleOne()[pri:0, instance:com.muks.testng.TestRegressions@3ac3fd8b]" name="testSampleOne" duration-ms="2" started-at="2016-04-13T02:13:08Z" finished-at="2016-04-13T02:13:08Z">
          <reporter-output>
          </reporter-output>
        </test-method> <!-- testSampleOne -->
        <test-method status="PASS" signature="testSampleThree()[pri:0, instance:com.muks.testng.TestRegressions@3ac3fd8b]" name="testSampleThree" duration-ms="1" started-at="2016-04-13T02:13:08Z" finished-at="2016-04-13T02:13:08Z">
          <reporter-output>
          </reporter-output>
        </test-method> <!-- testSampleThree -->
        <test-method status="PASS" signature="testSampleTwo()[pri:0, instance:com.muks.testng.TestRegressions@3ac3fd8b]" name="testSampleTwo" duration-ms="1" started-at="2016-04-13T02:13:08Z" finished-at="2016-04-13T02:13:08Z">
          <reporter-output>
            <line>
              <![CDATA[PASS]]>
            </line>
          </reporter-output>
        </test-method> <!-- testSampleTwo -->
        <test-method status="PASS" signature="oneTimeTearDown()[pri:0, instance:com.muks.testng.TestRegressions@3ac3fd8b]" name="oneTimeTearDown" is-config="true" duration-ms="1" started-at="2016-04-13T02:13:08Z" finished-at="2016-04-13T02:13:08Z">
          <reporter-output>
          </reporter-output>
        </test-method> <!-- oneTimeTearDown -->
      </class> <!-- com.muks.testng.TestRegressions -->
      <class name="com.muks.testng.TestApp">
        <test-method status="PASS" signature="beforeEveryTests()[pri:0, instance:com.muks.testng.TestApp@43a25848]" name="beforeEveryTests" is-config="true" duration-ms="18" started-at="2016-04-13T02:13:08Z" finished-at="2016-04-13T02:13:08Z">
          <reporter-output>
          </reporter-output>
        </test-method> <!-- beforeEveryTests -->
        <test-method status="PASS" signature="oneTimeSetUp()[pri:0, instance:com.muks.testng.TestApp@43a25848]" name="oneTimeSetUp" is-config="true" duration-ms="1" started-at="2016-04-13T02:13:08Z" finished-at="2016-04-13T02:13:08Z">
          <reporter-output>
          </reporter-output>
        </test-method> <!-- oneTimeSetUp -->
        <test-method status="PASS" signature="testSampleOne()[pri:0, instance:com.muks.testng.TestApp@43a25848]" name="testSampleOne" duration-ms="2" started-at="2016-04-13T02:13:08Z" finished-at="2016-04-13T02:13:08Z">
          <reporter-output>
          </reporter-output>
        </test-method> <!-- testSampleOne -->
        <test-method status="FAIL" signature="testSampleThree()[pri:0, instance:com.muks.testng.TestApp@43a25848]" name="testSampleThree" duration-ms="4" started-at="2016-04-13T02:13:08Z" finished-at="2016-04-13T02:13:08Z">
          <exception class="java.lang.AssertionError">
            <message>
              <![CDATA[expected [Onetwo] but found [onetwo]]]>
            </message>
            <full-stacktrace>
              <![CDATA[java.lang.AssertionError: expected [Onetwo] but found [onetwo]
	at org.testng.Assert.fail(Assert.java:94)
	at org.testng.Assert.failNotEquals(Assert.java:513)
	at org.testng.Assert.assertEqualsImpl(Assert.java:135)
	at org.testng.Assert.assertEquals(Assert.java:116)
	at org.testng.Assert.assertEquals(Assert.java:190)
	at org.testng.Assert.assertEquals(Assert.java:200)
	at com.muks.testng.TestApp.testSampleThree(TestApp.java:44)
	at sun.reflect.NativeMethodAccessorImpl.invoke0(Native Method)
	at sun.reflect.NativeMethodAccessorImpl.invoke(NativeMethodAccessorImpl.java:62)
	at sun.reflect.DelegatingMethodAccessorImpl.invoke(DelegatingMethodAccessorImpl.java:43)
	at java.lang.reflect.Method.invoke(Method.java:497)
	at org.testng.internal.MethodInvocationHelper.invokeMethod(MethodInvocationHelper.java:86)
	at org.testng.internal.Invoker.invokeMethod(Invoker.java:643)
	at org.testng.internal.Invoker.invokeTestMethod(Invoker.java:820)
	at org.testng.internal.Invoker.invokeTestMethods(Invoker.java:1128)
	at org.testng.internal.TestMethodWorker.invokeTestMethods(TestMethodWorker.java:129)
	at org.testng.internal.TestMethodWorker.run(TestMethodWorker.java:112)
	at org.testng.TestRunner.privateRun(TestRunner.java:782)
	at org.testng.TestRunner.run(TestRunner.java:632)
	at org.testng.SuiteRunner.runTest(SuiteRunner.java:366)
	at org.testng.SuiteRunner.runSequentially(SuiteRunner.java:361)
	at org.testng.SuiteRunner.privateRun(SuiteRunner.java:319)
	at org.testng.SuiteRunner.run(SuiteRunner.java:268)
	at org.testng.SuiteRunnerWorker.runSuite(SuiteRunnerWorker.java:52)
	at org.testng.SuiteRunnerWorker.run(SuiteRunnerWorker.java:86)
	at org.testng.TestNG.runSuitesSequentially(TestNG.java:1244)
	at org.testng.TestNG.runSuitesLocally(TestNG.java:1169)
	at org.testng.TestNG.run(TestNG.java:1064)
	at org.apache.maven.surefire.testng.TestNGExecutor.run(TestNGExecutor.java:77)
	at org.apache.maven.surefire.testng.TestNGDirectoryTestSuite.executeMulti(TestNGDirectoryTestSuite.java:159)
	at org.apache.maven.surefire.testng.TestNGDirectoryTestSuite.execute(TestNGDirectoryTestSuite.java:99)
	at org.apache.maven.surefire.testng.TestNGProvider.invoke(TestNGProvider.java:106)
	at sun.reflect.NativeMethodAccessorImpl.invoke0(Native Method)
	at sun.reflect.NativeMethodAccessorImpl.invoke(NativeMethodAccessorImpl.java:62)
	at sun.reflect.DelegatingMethodAccessorImpl.invoke(DelegatingMethodAccessorImpl.java:43)
	at java.lang.reflect.Method.invoke(Method.java:497)
	at org.apache.maven.surefire.util.ReflectionUtils.invokeMethodWithArray(ReflectionUtils.java:189)
	at org.apache.maven.surefire.booter.ProviderFactory$ProviderProxy.invoke(ProviderFactory.java:165)
	at org.apache.maven.surefire.booter.ProviderFactory.invokeProvider(ProviderFactory.java:85)
	at org.apache.maven.surefire.booter.ForkedBooter.runSuitesInProcess(ForkedBooter.java:115)
	at org.apache.maven.surefire.booter.ForkedBooter.main(ForkedBooter.java:75)
]]>
            </full-stacktrace>
          </exception> <!-- java.lang.AssertionError -->
          <reporter-output>
          </reporter-output>
        </test-method> <!-- testSampleThree -->
        <test-method status="PASS" signature="testSampleTwo()[pri:0, instance:com.muks.testng.TestApp@43a25848]" name="testSampleTwo" duration-ms="1" started-at="2016-04-13T02:13:08Z" finished-at="2016-04-13T02:13:08Z">
          <reporter-output>
            <line>
              <![CDATA[PASS]]>
            </line>
          </reporter-output>
        </test-method> <!-- testSampleTwo -->
        <test-method status="PASS" signature="oneTimeTearDown()[pri:0, instance:com.muks.testng.TestApp@43a25848]" name="oneTimeTearDown" is-config="true" duration-ms="1" started-at="2016-04-13T02:13:08Z" finished-at="2016-04-13T02:13:08Z">
          <reporter-output>
          </reporter-output>
        </test-method> <!-- oneTimeTearDown -->
        <test-method status="PASS" signature="afterEveryTests()[pri:0, instance:com.muks.testng.TestApp@43a25848]" name="afterEveryTests" is-config="true" duration-ms="1" started-at="2016-04-13T02:13:08Z" finished-at="2016-04-13T02:13:08Z">
          <reporter-output>
          </reporter-output>
        </test-method> <!-- afterEveryTests -->
      </class> <!-- com.muks.testng.TestApp -->
    </test> <!-- Command line test -->
  </suite> <!-- Command line suite -->
</testng-results>
